<?xml version="1.0" encoding="UTF-8"?>
<testng-results skipped="0" failed="0" ignored="0" total="1" passed="1">
  <reporter-output>
  </reporter-output>
  <suite name="Default suite" duration-ms="2214" started-at="2022-12-19T21:52:02 IST" finished-at="2022-12-19T21:52:04 IST">
    <groups>
    </groups>
    <test name="Default test" duration-ms="2214" started-at="2022-12-19T21:52:02 IST" finished-at="2022-12-19T21:52:04 IST">
      <class name="rupesh_programs.HappyNumber">
        <test-method status="PASS" signature="happyNumber()[pri:0, instance:rupesh_programs.HappyNumber@6c49835d]" name="happyNumber" duration-ms="2181" started-at="2022-12-19T21:52:02 IST" finished-at="2022-12-19T21:52:04 IST">
          <reporter-output>
          </reporter-output>
        </test-method> <!-- happyNumber -->
      </class> <!-- rupesh_programs.HappyNumber -->
    </test> <!-- Default test -->
  </suite> <!-- Default suite -->
</testng-results>
